d:\projects\libqing\obj\qing\win32\debug\vc120.pdb
d:\projects\libqing\obj\qing\win32\debug\vc120.idb
d:\projects\libqing\obj\qing\win32\debug\event_handler.obj
d:\projects\libqing\obj\qing\win32\debug\message_box.obj
d:\projects\libqing\obj\qing\win32\debug\message_worker.obj
d:\projects\libqing\obj\qing\win32\debug\net_util.obj
d:\projects\libqing\obj\qing\win32\debug\poller.obj
d:\projects\libqing\obj\qing\win32\debug\poller_epoll.obj
d:\projects\libqing\obj\qing\win32\debug\poller_iocp.obj
d:\projects\libqing\obj\qing\win32\debug\poller_kqueue.obj
d:\projects\libqing\obj\qing\win32\debug\socket_data_mgr.obj
d:\projects\libqing\obj\qing\win32\debug\tcp_client.obj
d:\projects\libqing\obj\qing\win32\debug\tcp_connection.obj
d:\projects\libqing\obj\qing\win32\debug\tcp_server.obj
d:\projects\libqing\obj\qing\win32\debug\tcp_socket.obj
d:\projects\libqing\obj\qing\win32\debug\tcp_socket_epoll.obj
d:\projects\libqing\obj\qing\win32\debug\tcp_socket_iocp.obj
d:\projects\libqing\obj\qing\win32\debug\tcp_socket_kqueue.obj
d:\projects\libqing\obj\qing\win32\debug\base64.obj
d:\projects\libqing\obj\qing\win32\debug\logger.obj
d:\projects\libqing\obj\qing\win32\debug\time_engine.obj
d:\projects\libqing\obj\qing\win32\debug\timer.obj
d:\projects\libqing\obj\qing\win32\debug\http_client.obj
d:\projects\libqing\obj\qing\win32\debug\http_connection.obj
d:\projects\libqing\obj\qing\win32\debug\http_server.obj
d:\projects\libqing\obj\qing\win32\debug\acceptor.obj
d:\projects\libqing\obj\qing\win32\debug\acceptor_epoll.obj
d:\projects\libqing\obj\qing\win32\debug\acceptor_iocp.obj
d:\projects\libqing\obj\qing\win32\debug\acceptor_kqueue.obj
d:\projects\libqing\obj\qing\win32\debug\buffer.obj
d:\projects\libqing\lib\windows\qing_debug.lib
d:\projects\libqing\vs.proj\..\lib\windows\qing_debug.lib
d:\projects\libqing\obj\qing\win32\debug\qing.tlog\cl.command.1.tlog
d:\projects\libqing\obj\qing\win32\debug\qing.tlog\cl.read.1.tlog
d:\projects\libqing\obj\qing\win32\debug\qing.tlog\cl.write.1.tlog
d:\projects\libqing\obj\qing\win32\debug\qing.tlog\lib-link.read.1.tlog
d:\projects\libqing\obj\qing\win32\debug\qing.tlog\lib-link.write.1.tlog
d:\projects\libqing\obj\qing\win32\debug\qing.tlog\lib.command.1.tlog
